Arguments: 
  /usr/local/bin/node /usr/local/bin/yarn install

PATH: 
  /home/kashif/.rvm/gems/ruby-2.7.2/bin:/home/kashif/.rvm/gems/ruby-2.7.2@global/bin:/home/kashif/.rvm/rubies/ruby-2.7.2/bin:/home/kashif/.rvm/gems/ruby-2.7.2/bin:/home/kashif/.rvm/gems/ruby-2.7.2@global/bin:/home/kashif/.rvm/rubies/ruby-2.7.2/bin:/usr/local/sbin:/usr/local/bin:/usr/sbin:/usr/bin:/sbin:/bin:/usr/games:/usr/local/games:/snap/bin:/home/kashif/.rvm/bin

Yarn version: 
  1.22.4

Node version: 
  10.20.1

Platform: 
  linux x64

Trace: 
  Error: https://registry.yarnpkg.com/@pf%2fdomain: Not found
      at Request.params.callback [as _callback] (/usr/local/lib/node_modules/yarn/lib/cli.js:66987:18)
      at Request.self.callback (/usr/local/lib/node_modules/yarn/lib/cli.js:140748:22)
      at Request.emit (events.js:198:13)
      at Request.<anonymous> (/usr/local/lib/node_modules/yarn/lib/cli.js:141720:10)
      at Request.emit (events.js:198:13)
      at IncomingMessage.<anonymous> (/usr/local/lib/node_modules/yarn/lib/cli.js:141642:12)
      at Object.onceWrapper (events.js:286:20)
      at IncomingMessage.emit (events.js:203:15)
      at endReadableNT (_stream_readable.js:1145:12)
      at process._tickCallback (internal/process/next_tick.js:63:19)

npm manifest: 
  {
    "name": "@pf/workers",
    "version": "1.0.0",
    "private": true,
    "main": "dist/index.js",
    "engines": {
      "node": ">=10.20.1 <12"
    },
    "scripts": {
      "build": "yarn ttsc -p tsconfig.app.json",
      "watch": "yarn ttsc -p tsconfig.app.json -w",
      "start": "node dist/index.js",
      "start:dev": "yarn build && NODE_ENV=workers nodemon ./dist/index.js",
      "lint": "eslint -c ./.eslintrc.js 'src/**/*.ts' 'tests/**/*.ts'",
      "lint:fix": "yarn lint --fix",
      "lint:types": "ttsc --noEmit",
      "lint:errors": "eslint --quiet --ext .js,.ts ./",
      "format": "prettier --loglevel error --write --config ../../.prettierrc '**/*(*.ts|*.js)'",
      "format:verify": "prettier --loglevel error -l --config ../../.prettierrc '**/*(*.ts|*.js)'",
      "fix": "yarn lint:fix && yarn format && yarn lint:types",
      "verify": "yarn lint && yarn format:verify && yarn lint:types",
      "test": "jest"
    },
    "workspaces": {
      "nohoist": [
        "**/sequelize",
        "**/sequelize/**",
        "**/sequelize-mocking",
        "**/sequelize-mocking/**"
      ]
    },
    "dependencies": {
      "@pf/domain": "1.0.0",
      "@pf/taxonomies": "1.0.0",
      "@pf/utils": "1.0.0",
      "@pf/workers-dtos": "1.0.0",
      "@sentry/integrations": "^5.15.5",
      "@sentry/node": "^5.15.5",
      "@types/newrelic": "5.11",
      "agenda": "^3.1.0",
      "bunyan": "^1.8.12",
      "convict": "^5.2.0",
      "data-access-layer": "1.0.0",
      "dotenv": "^8.2.0",
      "i18next": "^19.8.2",
      "i18next-http-backend": "^1.0.21",
      "i18next-http-middleware": "^3.0.6",
      "injection-js": "^2.3.0",
      "lodash": "4.17.5",
      "mongo-uri-builder": "^3.2.2",
      "newrelic": "5.11",
      "reflect-metadata": "^0.1.13",
      "ts-command-line-args": "^2.2.0"
    },
    "devDependencies": {
      "@types/agenda": "^2.0.9",
      "@types/bunyan": "^1.8.6",
      "@types/convict": "^4.2.1",
      "@types/dotenv": "^8.2.0",
      "@types/express": "^4.17.13",
      "@types/faker": "^4.1.12",
      "@types/jest": "^24.9.0",
      "@types/lodash": "^4.14.149",
      "@types/mongodb": "^3.6.3",
      "@types/node": "^10.17.29",
      "@types/nodemailer": "^6.4.0",
      "@zerollup/ts-transform-paths": "^1.7.12",
      "agendash": "^1.0.0",
      "jest": "^24.9.0",
      "jest-mock": "^26.2.0",
      "ts-jest": "^24.3.0",
      "ttypescript": "^1.5.10",
      "typescript": "3.8.3"
    }
  }

yarn manifest: 
  No manifest

Lockfile: 
  No lockfile
